<?xml version="1.0" encoding="UTF-8" ?>
<testsuite errors="1" failures="0" hostname="localhost" name="TestPrintLogs" tests="1" time="0.057" timestamp="2013-07-18T13:13:25">
  <properties>
[...]
</properties>
  <testcase classname="TestPrintLogs" name="initializationError" time="0.004">
    <error message="No runnable methods" type="java.lang.Exception">java.lang.Exception: No runnable methods
	at java.lang.reflect.Constructor.newInstance(Constructor.java:525)
</error>
  </testcase>
  <system-out><![CDATA[]]></system-out>
  <system-err><![CDATA[]]></system-err>
</testsuite>
