<?xml version="1.0" encoding="UTF-8" ?>
<testsuite errors="1" failures="0" hostname="DESKTOP-O0UJNGC" name="com.maximo.app.config.TestReadDruidDataSourceKonnfiguTestSuite" skipped="0" tests="1" time="0.0" timestamp="2017-06-10T00:53:04">
  <properties>
[...]
</properties>
  <error type="java.lang.reflect.InvocationTargetException">java.lang.reflect.InvocationTargetException
Caused by: java.lang.NullPointerException
	at com.shoukaiseki.tuuyou.logger.PrintLogs.error(PrintLogs.java:208)
	at com.maximo.app.MessageOnTerminal.error(MessageOnTerminal.java:79)
	at com.maximo.app.config.ReadDruidDataSourceKonnfigu.&lt;init&gt;(ReadDruidDataSourceKonnfigu.java:50)
	at com.maximo.app.config.TestReadDruidDataSourceKonnfiguTestSuite.suite(TestReadDruidDataSourceKonnfiguTestSuite.java:21)
</error>
  <system-out><![CDATA[測試 TestReadDruidDataSourceKonnfigu.suite()
-----------------加載lC:\Users\shoukaiseki/.config/shoukaiseki/java/log4j.properties----------------
]]></system-out>
  <system-err><![CDATA[java.io.FileNotFoundException: C:\Users\shoukaiseki\.config\shoukaiseki\java\log4j.properties (系统找不到指定的路径。)
	at java.io.FileInputStream.open0(Native Method)
	at java.io.FileInputStream.open(FileInputStream.java:195)
	at java.io.FileInputStream.<init>(FileInputStream.java:138)
	at java.io.FileInputStream.<init>(FileInputStream.java:93)
	at com.shoukaiseki.tuuyou.logger.PrintLogs.loadLog4j(PrintLogs.java:98)
	at com.shoukaiseki.tuuyou.logger.PrintLogs.<init>(PrintLogs.java:75)
	at com.maximo.app.MessageOnTerminal.<init>(MessageOnTerminal.java:17)
	at com.maximo.app.config.TestReadDruidDataSourceKonnfiguTestSuite.suite(TestReadDruidDataSourceKonnfiguTestSuite.java:21)
	at sun.reflect.NativeMethodAccessorImpl.invoke0(Native Method)
	at sun.reflect.NativeMethodAccessorImpl.invoke(NativeMethodAccessorImpl.java:62)
	at sun.reflect.DelegatingMethodAccessorImpl.invoke(DelegatingMethodAccessorImpl.java:43)
	at java.lang.reflect.Method.invoke(Method.java:498)
	at org.apache.tools.ant.taskdefs.optional.junit.JUnitTestRunner.run(JUnitTestRunner.java:405)
	at org.apache.tools.ant.taskdefs.optional.junit.JUnitTask.executeInVM(JUnitTask.java:1621)
	at org.apache.tools.ant.taskdefs.optional.junit.JUnitTask.execute(JUnitTask.java:1021)
	at org.apache.tools.ant.taskdefs.optional.junit.JUnitTask.executeOrQueue(JUnitTask.java:2105)
	at org.apache.tools.ant.taskdefs.optional.junit.JUnitTask.execute(JUnitTask.java:832)
	at org.apache.tools.ant.UnknownElement.execute(UnknownElement.java:293)
	at sun.reflect.GeneratedMethodAccessor6.invoke(Unknown Source)
	at sun.reflect.DelegatingMethodAccessorImpl.invoke(DelegatingMethodAccessorImpl.java:43)
	at java.lang.reflect.Method.invoke(Method.java:498)
	at org.apache.tools.ant.dispatch.DispatchUtils.execute(DispatchUtils.java:106)
	at org.apache.tools.ant.Task.perform(Task.java:348)
	at org.apache.tools.ant.Target.execute(Target.java:435)
	at org.apache.tools.ant.Target.performTasks(Target.java:456)
	at org.apache.tools.ant.Project.executeSortedTargets(Project.java:1405)
	at org.apache.tools.ant.Project.executeTarget(Project.java:1376)
	at org.apache.tools.ant.helper.DefaultExecutor.executeTargets(DefaultExecutor.java:41)
	at org.apache.tools.ant.Project.executeTargets(Project.java:1260)
	at org.apache.tools.ant.Main.runBuild(Main.java:853)
	at org.apache.tools.ant.Main.startAnt(Main.java:235)
	at org.apache.tools.ant.launch.Launcher.run(Launcher.java:285)
	at org.apache.tools.ant.launch.Launcher.main(Launcher.java:112)
]]></system-err>
</testsuite>
